#
# A fatal error has been detected by the Java Runtime Environment:
#
#  SIGILL (0x4) at pc=0x00007f7b7428bbe3, pid=4732, tid=140167804188416
#
# JRE version: Java(TM) SE Runtime Environment (8.0_72-b15) (build 1.8.0_72-b15)
# Java VM: Java HotSpot(TM) 64-Bit Server VM (25.72-b15 mixed mode linux-amd64 compressed oops)
# Problematic frame:
# V  [libjvm.so+0x998be3]  PhaseChaitin::Split(unsigned int, ResourceArea*)+0x1073
#
# Failed to write core dump. Core dumps have been disabled. To enable core dumping, try "ulimit -c unlimited" before starting Java again
#
# If you would like to submit a bug report, please visit:
#   http://bugreport.java.com/bugreport/crash.jsp
#

---------------  T H R E A D  ---------------

Current thread (0x00007f7b6c0b9800):  JavaThread "C2 CompilerThread0" daemon [_thread_in_native, id=4742, stack(0x00007f7b5c1d7000,0x00007f7b5c2d8000)]

siginfo: si_signo: 4 (SIGILL), si_code: 2 (ILL_ILLOPN), si_addr: 0x00007f7b7428bbe3

Registers:
RAX=0x00007f7b34046d04, RBX=0x0000000000000011, RCX=0x0000000000000006, RDX=0x0000000000000040
RSP=0x00007f7b5c2d30f8, RBP=0x00007f7b5c2d3600, RSI=0x00007f7b283bb100, RDI=0x00007f7b6c14a6b0
R8 =0x0000000000000004, R9 =0x0000000000000010, R10=0x0000000000000001, R11=0x00007f7b2836a340
R12=0x0000000000000001, R13=0x0000000000000009, R14=0x0000000000000000, R15=0x0000000000000000
RIP=0x00007f7b7428bbe3, EFLAGS=0x0000000000210252, CSGSFS=0x0000000000000033, ERR=0x0000000000000000
  TRAPNO=0x0000000000000006

Top of Stack: (sp=0x00007f7b5c2d30f8)
0x00007f7b5c2d30f8:   00007f7b5c2d3430 00007f7b00000006
0x00007f7b5c2d3108:   00007f7b00000000 00007f7b00000003
0x00007f7b5c2d3118:   00007f7b00000008 0101010101010101
0x00007f7b5c2d3128:   0101010101010101 0000000000000000
0x00007f7b5c2d3138:   0000000000000000 00007f7b5c2d3490
0x00007f7b5c2d3148:   00007f7b5c2d3450 00007f7b5c2d3470
0x00007f7b5c2d3158:   00007f7b5c2d3530 00007f7b5c2d34b0
0x00007f7b5c2d3168:   00007f7b5c2d3570 00007f7b5c2d33bc
0x00007f7b5c2d3178:   00007f7b5c2d3550 00007f7b5c2d3510
0x00007f7b5c2d3188:   00007f7b5c2d34f0 00007f7b5c2d34d0
0x00007f7b5c2d3198:   0000000000000000 0000000000000000
0x00007f7b5c2d31a8:   0000000000000000 0000000000000000
0x00007f7b5c2d31b8:   0000000000000000 00000000000078a8
0x00007f7b5c2d31c8:   00007f7b5c2d37e0 00007f7b5c2d4e90
0x00007f7b5c2d31d8:   0000000000000000 0000000000000080
0x00007f7b5c2d31e8:   00007f7b340455a0 00007f7b34045630
0x00007f7b5c2d31f8:   0000000000000000 0000000000000000
0x00007f7b5c2d3208:   0000000000000000 0000000000000000
0x00007f7b5c2d3218:   0000001100000000 00007f7b6c14a430
0x00007f7b5c2d3228:   00007f7b6c14a470 00007f7b34045840
0x00007f7b5c2d3238:   0100000000000000 00007f7b300aedd0
0x00007f7b5c2d3248:   0000000000000000 00007f7b340457b0
0x00007f7b5c2d3258:   0000012900000000 0000000000000000
0x00007f7b5c2d3268:   00007f7b73f2b378 0000000000000000
0x00007f7b5c2d3278:   0000000100000000 0000000a00000000
0x00007f7b5c2d3288:   0000000000000000 0000000000000001
0x00007f7b5c2d3298:   00007f7b3413e558 0000007b302562f0
0x00007f7b5c2d32a8:   0000000000000027 0100000000000006
0x00007f7b5c2d32b8:   00007f7b340084f0 00007f7b5c2d3360
0x00007f7b5c2d32c8:   00007f7b73f2579c 0000000000000139
0x00007f7b5c2d32d8:   00007f7b5c2d32f0 00000000000003d8
0x00007f7b5c2d32e8:   00007f7b30001248 00007f7b30000e70 

Instructions: (pc=0x00007f7b7428bbe3)
0x00007f7b7428bbc3:   89 de e8 86 20 f5 ff e9 2d fc ff ff 48 8b 9d 40
0x00007f7b7428bbd3:   fc ff ff 8b 4b 70 e9 9d fe ff ff 48 8b 85 40 fc
0x00007f7b7428bbe3:   ff ff 48 8d 95 b0 fe ff ff 41 ba 01 00 00 00 48
0x00007f7b7428bbf3:   89 95 60 fb ff ff 48 83 c0 10 48 89 85 08 fd ff 

Register to memory mapping:

RAX=0x00007f7b34046d04 is an unknown value
RBX=0x0000000000000011 is an unknown value
RCX=0x0000000000000006 is an unknown value
RDX=0x0000000000000040 is an unknown value
RSP=0x00007f7b5c2d30f8 is pointing into the stack for thread: 0x00007f7b6c0b9800
RBP=0x00007f7b5c2d3600 is pointing into the stack for thread: 0x00007f7b6c0b9800
RSI=0x00007f7b283bb100 is an unknown value
RDI=0x00007f7b6c14a6b0 is an unknown value
R8 =0x0000000000000004 is an unknown value
R9 =0x0000000000000010 is an unknown value
R10=0x0000000000000001 is an unknown value
R11=0x00007f7b2836a340 is an unknown value
R12=0x0000000000000001 is an unknown value
R13=0x0000000000000009 is an unknown value
R14=0x0000000000000000 is an unknown value
R15=0x0000000000000000 is an unknown value


Stack: [0x00007f7b5c1d7000,0x00007f7b5c2d8000],  sp=0x00007f7b5c2d30f8,  free space=1008k
Native frames: (J=compiled Java code, j=interpreted, Vv=VM code, C=native code)
V  [libjvm.so+0x998be3]  PhaseChaitin::Split(unsigned int, ResourceArea*)+0x1073
V  [libjvm.so+0x40cd69]  PhaseChaitin::Register_Allocate()+0x7b9
V  [libjvm.so+0x49fb20]  Compile::Code_Gen()+0x260
V  [libjvm.so+0x4a2f72]  Compile::Compile(ciEnv*, C2Compiler*, ciMethod*, int, bool, bool, bool)+0x14b2
V  [libjvm.so+0x3f0808]  C2Compiler::compile_method(ciEnv*, ciMethod*, int)+0x198
V  [libjvm.so+0x4ad37a]  CompileBroker::invoke_compiler_on_method(CompileTask*)+0xc9a
V  [libjvm.so+0x4ae326]  CompileBroker::compiler_thread_loop()+0x5d6
V  [libjvm.so+0xa69dcf]  JavaThread::thread_main_inner()+0xdf
V  [libjvm.so+0xa69efc]  JavaThread::run()+0x11c
V  [libjvm.so+0x91d9d8]  java_start(Thread*)+0x108
C  [libpthread.so.0+0x76aa]  start_thread+0xca


Current CompileTask:
C2:   2180  705  s    4       java.io.BufferedInputStream::read (113 bytes)


---------------  P R O C E S S  ---------------

Java Threads: ( => current thread )
  0x00007f7b6c0c9800 JavaThread "Service Thread" daemon [_thread_blocked, id=4745, stack(0x00007f7b55fbe000,0x00007f7b560bf000)]
  0x00007f7b6c0be800 JavaThread "C1 CompilerThread2" daemon [_thread_blocked, id=4744, stack(0x00007f7b560bf000,0x00007f7b561c0000)]
  0x00007f7b6c0bc800 JavaThread "C2 CompilerThread1" daemon [_thread_in_native, id=4743, stack(0x00007f7b5c0d6000,0x00007f7b5c1d7000)]
=>0x00007f7b6c0b9800 JavaThread "C2 CompilerThread0" daemon [_thread_in_native, id=4742, stack(0x00007f7b5c1d7000,0x00007f7b5c2d8000)]
  0x00007f7b6c0b8000 JavaThread "Signal Dispatcher" daemon [_thread_blocked, id=4741, stack(0x00007f7b5c2d8000,0x00007f7b5c3d9000)]
  0x00007f7b6c084000 JavaThread "Finalizer" daemon [_thread_blocked, id=4740, stack(0x00007f7b5cafb000,0x00007f7b5cbfc000)]
  0x00007f7b6c07f800 JavaThread "Reference Handler" daemon [_thread_blocked, id=4739, stack(0x00007f7b5cbfc000,0x00007f7b5ccfd000)]
  0x00007f7b6c009800 JavaThread "main" [_thread_blocked, id=4733, stack(0x00007f7b753d3000,0x00007f7b754d4000)]

Other Threads:
  0x00007f7b6c077800 VMThread [stack: 0x00007f7b5ccfd000,0x00007f7b5cdfe000] [id=4738]
  0x00007f7b6c0cc800 WatcherThread [stack: 0x00007f7b55ebd000,0x00007f7b55fbe000] [id=4746]

VM state:at safepoint (normal execution)

VM Mutex/Monitor currently owned by a thread:  ([mutex/lock_event])
[0x00007f7b6c005e50] Threads_lock - owner thread: 0x00007f7b6c077800
[0x00007f7b6c006350] Heap_lock - owner thread: 0x00007f7b6c009800

Heap:
 PSYoungGen      total 88064K, used 88046K [0x00000000ebd80000, 0x00000000f6000000, 0x0000000100000000)
  eden space 50688K, 100% used [0x00000000ebd80000,0x00000000eef00000,0x00000000eef00000)
  from space 37376K, 99% used [0x00000000eef00000,0x00000000f137ba28,0x00000000f1380000)
  to   space 49664K, 31% used [0x00000000f2f80000,0x00000000f3ee3a08,0x00000000f6000000)
 ParOldGen       total 144896K, used 91246K [0x00000000c3800000, 0x00000000cc580000, 0x00000000ebd80000)
  object space 144896K, 62% used [0x00000000c3800000,0x00000000c911b8f0,0x00000000cc580000)
 Metaspace       used 6862K, capacity 7044K, committed 7296K, reserved 1056768K
  class space    used 745K, capacity 782K, committed 896K, reserved 1048576K

Card table byte_map: [0x00007f7b71fac000,0x00007f7b72191000] byte_map_base: 0x00007f7b71990000

Marking Bits: (ParMarkBitMap*) 0x00007f7b748a8100
 Begin Bits: [0x00007f7b561c0000, 0x00007f7b570e0000)
 End Bits:   [0x00007f7b570e0000, 0x00007f7b58000000)

Polling page: 0x00007f7b754f5000

CodeCache: size=245760Kb used=3194Kb max_used=3199Kb free=242566Kb
 bounds [0x00007f7b5d000000, 0x00007f7b5d330000, 0x00007f7b6c000000]
 total_blobs=1006 nmethods=710 adapters=210
 compilation: enabled

Compilation events (10 events):
Event: 2.134 Thread 0x00007f7b6c0be800  728       2       java.util.ArrayList$SubList$1::<init> (47 bytes)
Event: 2.134 Thread 0x00007f7b6c0be800 nmethod 728 0x00007f7b5d31af10 code [0x00007f7b5d31b080, 0x00007f7b5d31b210]
Event: 2.140 Thread 0x00007f7b6c0be800  729       2       java.nio.ByteBuffer::arrayOffset (35 bytes)
Event: 2.141 Thread 0x00007f7b6c0be800 nmethod 729 0x00007f7b5d31b7d0 code [0x00007f7b5d31b960, 0x00007f7b5d31bbd8]
Event: 2.142 Thread 0x00007f7b6c0b9800 nmethod 696 0x00007f7b5d31dc10 code [0x00007f7b5d31dee0, 0x00007f7b5d31f610]
Event: 2.142 Thread 0x00007f7b6c0b9800  705  s    4       java.io.BufferedInputStream::read (113 bytes)
Event: 2.145 Thread 0x00007f7b6c0be800  732       2       sun.misc.FDBigInteger::checkZeroTail (17 bytes)
Event: 2.145 Thread 0x00007f7b6c0be800 nmethod 732 0x00007f7b5d31b2d0 code [0x00007f7b5d31b440, 0x00007f7b5d31b610]
Event: 2.146 Thread 0x00007f7b6c0be800  733       2       java.util.zip.InflaterInputStream::fill (60 bytes)
Event: 2.147 Thread 0x00007f7b6c0be800 nmethod 733 0x00007f7b5d31d590 code [0x00007f7b5d31d740, 0x00007f7b5d31da38]

GC Heap History (10 events):
Event: 0.947 GC heap before
{Heap before GC invocations=5 (full 1):
 PSYoungGen      total 34304K, used 31744K [0x00000000ebd80000, 0x00000000f0080000, 0x0000000100000000)
  eden space 31744K, 100% used [0x00000000ebd80000,0x00000000edc80000,0x00000000edc80000)
  from space 2560K, 0% used [0x00000000edc80000,0x00000000edc80000,0x00000000edf00000)
  to   space 2560K, 0% used [0x00000000efe00000,0x00000000efe00000,0x00000000f0080000)
 ParOldGen       total 84992K, used 37672K [0x00000000c3800000, 0x00000000c8b00000, 0x00000000ebd80000)
  object space 84992K, 44% used [0x00000000c3800000,0x00000000c5cca3f0,0x00000000c8b00000)
 Metaspace       used 5224K, capacity 5634K, committed 5760K, reserved 1056768K
  class space    used 589K, capacity 619K, committed 640K, reserved 1048576K
Event: 0.988 GC heap after
Heap after GC invocations=5 (full 1):
 PSYoungGen      total 44544K, used 2560K [0x00000000ebd80000, 0x00000000f0080000, 0x0000000100000000)
  eden space 41984K, 0% used [0x00000000ebd80000,0x00000000ebd80000,0x00000000ee680000)
  from space 2560K, 100% used [0x00000000efe00000,0x00000000f0080000,0x00000000f0080000)
  to   space 2560K, 0% used [0x00000000efb80000,0x00000000efb80000,0x00000000efe00000)
 ParOldGen       total 84992K, used 52313K [0x00000000c3800000, 0x00000000c8b00000, 0x00000000ebd80000)
  object space 84992K, 61% used [0x00000000c3800000,0x00000000c6b16420,0x00000000c8b00000)
 Metaspace       used 5224K, capacity 5634K, committed 5760K, reserved 1056768K
  class space    used 589K, capacity 619K, committed 640K, reserved 1048576K
}
Event: 1.057 GC heap before
{Heap before GC invocations=6 (full 1):
 PSYoungGen      total 44544K, used 44544K [0x00000000ebd80000, 0x00000000f0080000, 0x0000000100000000)
  eden space 41984K, 100% used [0x00000000ebd80000,0x00000000ee680000,0x00000000ee680000)
  from space 2560K, 100% used [0x00000000efe00000,0x00000000f0080000,0x00000000f0080000)
  to   space 2560K, 0% used [0x00000000efb80000,0x00000000efb80000,0x00000000efe00000)
 ParOldGen       total 84992K, used 52313K [0x00000000c3800000, 0x00000000c8b00000, 0x00000000ebd80000)
  object space 84992K, 61% used [0x00000000c3800000,0x00000000c6b16420,0x00000000c8b00000)
 Metaspace       used 5224K, capacity 5634K, committed 5760K, reserved 1056768K
  class space    used 589K, capacity 619K, committed 640K, reserved 1048576K
Event: 1.117 GC heap after
Heap after GC invocations=6 (full 1):
 PSYoungGen      total 61440K, used 2560K [0x00000000ebd80000, 0x00000000f3000000, 0x0000000100000000)
  eden space 58880K, 0% used [0x00000000ebd80000,0x00000000ebd80000,0x00000000ef700000)
  from space 2560K, 100% used [0x00000000efb80000,0x00000000efe00000,0x00000000efe00000)
  to   space 29184K, 0% used [0x00000000f1380000,0x00000000f1380000,0x00000000f3000000)
 ParOldGen       total 84992K, used 76169K [0x00000000c3800000, 0x00000000c8b00000, 0x00000000ebd80000)
  object space 84992K, 89% used [0x00000000c3800000,0x00000000c8262450,0x00000000c8b00000)
 Metaspace       used 5224K, capacity 5634K, committed 5760K, reserved 1056768K
  class space    used 589K, capacity 619K, committed 640K, reserved 1048576K
}
Event: 1.117 GC heap before
{Heap before GC invocations=7 (full 2):
 PSYoungGen      total 61440K, used 2560K [0x00000000ebd80000, 0x00000000f3000000, 0x0000000100000000)
  eden space 58880K, 0% used [0x00000000ebd80000,0x00000000ebd80000,0x00000000ef700000)
  from space 2560K, 100% used [0x00000000efb80000,0x00000000efe00000,0x00000000efe00000)
  to   space 29184K, 0% used [0x00000000f1380000,0x00000000f1380000,0x00000000f3000000)
 ParOldGen       total 84992K, used 76169K [0x00000000c3800000, 0x00000000c8b00000, 0x00000000ebd80000)
  object space 84992K, 89% used [0x00000000c3800000,0x00000000c8262450,0x00000000c8b00000)
 Metaspace       used 5224K, capacity 5634K, committed 5760K, reserved 1056768K
  class space    used 589K, capacity 619K, committed 640K, reserved 1048576K
Event: 1.436 GC heap after
Heap after GC invocations=7 (full 2):
 PSYoungGen      total 61440K, used 0K [0x00000000ebd80000, 0x00000000f3000000, 0x0000000100000000)
  eden space 58880K, 0% used [0x00000000ebd80000,0x00000000ebd80000,0x00000000ef700000)
  from space 2560K, 0% used [0x00000000efb80000,0x00000000efb80000,0x00000000efe00000)
  to   space 29184K, 0% used [0x00000000f1380000,0x00000000f1380000,0x00000000f3000000)
 ParOldGen       total 144896K, used 73775K [0x00000000c3800000, 0x00000000cc580000, 0x00000000ebd80000)
  object space 144896K, 50% used [0x00000000c3800000,0x00000000c800bee8,0x00000000cc580000)
 Metaspace       used 5224K, capacity 5634K, committed 5760K, reserved 1056768K
  class space    used 589K, capacity 619K, committed 640K, reserved 1048576K
}
Event: 1.541 GC heap before
{Heap before GC invocations=8 (full 2):
 PSYoungGen      total 61440K, used 58880K [0x00000000ebd80000, 0x00000000f3000000, 0x0000000100000000)
  eden space 58880K, 100% used [0x00000000ebd80000,0x00000000ef700000,0x00000000ef700000)
  from space 2560K, 0% used [0x00000000efb80000,0x00000000efb80000,0x00000000efe00000)
  to   space 29184K, 0% used [0x00000000f1380000,0x00000000f1380000,0x00000000f3000000)
 ParOldGen       total 144896K, used 73775K [0x00000000c3800000, 0x00000000cc580000, 0x00000000ebd80000)
  object space 144896K, 50% used [0x00000000c3800000,0x00000000c800bee8,0x00000000cc580000)
 Metaspace       used 5224K, capacity 5634K, committed 5760K, reserved 1056768K
  class space    used 589K, capacity 619K, committed 640K, reserved 1048576K
Event: 1.608 GC heap after
Heap after GC invocations=8 (full 2):
 PSYoungGen      total 79872K, used 29152K [0x00000000ebd80000, 0x00000000f5200000, 0x0000000100000000)
  eden space 50688K, 0% used [0x00000000ebd80000,0x00000000ebd80000,0x00000000eef00000)
  from space 29184K, 99% used [0x00000000f1380000,0x00000000f2ff8020,0x00000000f3000000)
  to   space 37376K, 0% used [0x00000000eef00000,0x00000000eef00000,0x00000000f1380000)
 ParOldGen       total 144896K, used 79951K [0x00000000c3800000, 0x00000000cc580000, 0x00000000ebd80000)
  object space 144896K, 55% used [0x00000000c3800000,0x00000000c8613ef8,0x00000000cc580000)
 Metaspace       used 5224K, capacity 5634K, committed 5760K, reserved 1056768K
  class space    used 589K, capacity 619K, committed 640K, reserved 1048576K
}
Event: 1.856 GC heap before
{Heap before GC invocations=9 (full 2):
 PSYoungGen      total 79872K, used 79840K [0x00000000ebd80000, 0x00000000f5200000, 0x0000000100000000)
  eden space 50688K, 100% used [0x00000000ebd80000,0x00000000eef00000,0x00000000eef00000)
  from space 29184K, 99% used [0x00000000f1380000,0x00000000f2ff8020,0x00000000f3000000)
  to   space 37376K, 0% used [0x00000000eef00000,0x00000000eef00000,0x00000000f1380000)
 ParOldGen       total 144896K, used 79951K [0x00000000c3800000, 0x00000000cc580000, 0x00000000ebd80000)
  object space 144896K, 55% used [0x00000000c3800000,0x00000000c8613ef8,0x00000000cc580000)
 Metaspace       used 6166K, capacity 6446K, committed 6656K, reserved 1056768K
  class space    used 678K, capacity 717K, committed 768K, reserved 1048576K
Event: 1.940 GC heap after
Heap after GC invocations=9 (full 2):
 PSYoungGen      total 88064K, used 37358K [0x00000000ebd80000, 0x00000000f6000000, 0x0000000100000000)
  eden space 50688K, 0% used [0x00000000ebd80000,0x00000000ebd80000,0x00000000eef00000)
  from space 37376K, 99% used [0x00000000eef00000,0x00000000f137ba28,0x00000000f1380000)
  to   space 49664K, 0% used [0x00000000f2f80000,0x00000000f2f80000,0x00000000f6000000)
 ParOldGen       total 144896K, used 91246K [0x00000000c3800000, 0x00000000cc580000, 0x00000000ebd80000)
  object space 144896K, 62% used [0x00000000c3800000,0x00000000c911b8f0,0x00000000cc580000)
 Metaspace       used 6166K, capacity 6446K, committed 6656K, reserved 1056768K
  class space    used 678K, capacity 717K, committed 768K, reserved 1048576K
}

Deoptimization events (10 events):
Event: 1.958 Thread 0x00007f7b6c009800 Uncommon trap: reason=unstable_if action=reinterpret pc=0x00007f7b5d1c836c method=java.util.HashMap$HashIterator.<init>(Ljava/util/HashMap;)V @ 38
Event: 1.958 Thread 0x00007f7b6c009800 Uncommon trap: reason=unstable_if action=reinterpret pc=0x00007f7b5d1bc8a4 method=java.util.HashMap$HashIterator.<init>(Ljava/util/HashMap;)V @ 38
Event: 1.962 Thread 0x00007f7b6c009800 Uncommon trap: reason=class_check action=maybe_recompile pc=0x00007f7b5d1c975c method=java.util.AbstractCollection.toArray([Ljava/lang/Object;)[Ljava/lang/Object; @ 1
Event: 1.966 Thread 0x00007f7b6c009800 Uncommon trap: reason=class_check action=maybe_recompile pc=0x00007f7b5d1c975c method=java.util.AbstractCollection.toArray([Ljava/lang/Object;)[Ljava/lang/Object; @ 1
Event: 1.966 Thread 0x00007f7b6c009800 Uncommon trap: reason=class_check action=maybe_recompile pc=0x00007f7b5d1c975c method=java.util.AbstractCollection.toArray([Ljava/lang/Object;)[Ljava/lang/Object; @ 1
Event: 1.990 Thread 0x00007f7b6c009800 Uncommon trap: reason=unstable_if action=reinterpret pc=0x00007f7b5d241044 method=java.lang.Integer.getChars(II[C)V @ 7
Event: 2.039 Thread 0x00007f7b6c009800 Uncommon trap: reason=class_check action=maybe_recompile pc=0x00007f7b5d1e7a3c method=java.io.BufferedInputStream.read1([BII)I @ 39
Event: 2.059 Thread 0x00007f7b6c009800 Uncommon trap: reason=class_check action=maybe_recompile pc=0x00007f7b5d1e7aa8 method=java.io.BufferedInputStream.read([BII)I @ 101
Event: 2.059 Thread 0x00007f7b6c009800 Uncommon trap: reason=class_check action=maybe_recompile pc=0x00007f7b5d1e7aa8 method=java.io.BufferedInputStream.read([BII)I @ 101
Event: 2.068 Thread 0x00007f7b6c009800 Uncommon trap: reason=class_check action=maybe_recompile pc=0x00007f7b5d1e7aa8 method=java.io.BufferedInputStream.read([BII)I @ 101

Internal exceptions (9 events):
Event: 0.021 Thread 0x00007f7b6c009800 Exception <a 'java/lang/NoSuchMethodError': Method sun.misc.Unsafe.defineClass(Ljava/lang/String;[BII)Ljava/lang/Class; name or signature does not match> (0x00000000ebd87cc0) thrown at [/HUDSON/workspace/8-2-build-linux-amd64/jdk8u72/5732/hotspot/src/shar
Event: 0.021 Thread 0x00007f7b6c009800 Exception <a 'java/lang/NoSuchMethodError': Method sun.misc.Unsafe.prefetchRead(Ljava/lang/Object;J)V name or signature does not match> (0x00000000ebd87fa8) thrown at [/HUDSON/workspace/8-2-build-linux-amd64/jdk8u72/5732/hotspot/src/share/vm/prims/jni.cpp
Event: 0.164 Thread 0x00007f7b6c009800 Exception <a 'java/security/PrivilegedActionException'> (0x00000000ec129310) thrown at [/HUDSON/workspace/8-2-build-linux-amd64/jdk8u72/5732/hotspot/src/share/vm/prims/jvm.cpp, line 1386]
Event: 0.164 Thread 0x00007f7b6c009800 Exception <a 'java/security/PrivilegedActionException'> (0x00000000ec129520) thrown at [/HUDSON/workspace/8-2-build-linux-amd64/jdk8u72/5732/hotspot/src/share/vm/prims/jvm.cpp, line 1386]
Event: 0.165 Thread 0x00007f7b6c009800 Exception <a 'java/security/PrivilegedActionException'> (0x00000000ec12b960) thrown at [/HUDSON/workspace/8-2-build-linux-amd64/jdk8u72/5732/hotspot/src/share/vm/prims/jvm.cpp, line 1386]
Event: 0.165 Thread 0x00007f7b6c009800 Exception <a 'java/security/PrivilegedActionException'> (0x00000000ec12bb70) thrown at [/HUDSON/workspace/8-2-build-linux-amd64/jdk8u72/5732/hotspot/src/share/vm/prims/jvm.cpp, line 1386]
Event: 0.165 Thread 0x00007f7b6c009800 Exception <a 'java/lang/NoClassDefFoundError': org/slf4j/impl/StaticLoggerBinder> (0x00000000ec12e7d0) thrown at [/HUDSON/workspace/8-2-build-linux-amd64/jdk8u72/5732/hotspot/src/share/vm/classfile/systemDictionary.cpp, line 199]
Event: 1.958 Thread 0x00007f7b6c009800 Implicit null exception at 0x00007f7b5d1c8213 to 0x00007f7b5d1c8351
Event: 1.958 Thread 0x00007f7b6c009800 Implicit null exception at 0x00007f7b5d1bc77f to 0x00007f7b5d1bc88d

Events (10 events):
Event: 2.039 Thread 0x00007f7b6c009800 DEOPT UNPACKING pc=0x00007f7b5d005229 sp=0x00007f7b754d2138 mode 2
Event: 2.059 Thread 0x00007f7b6c009800 Uncommon trap: trap_request=0xffffffde fr.pc=0x00007f7b5d1e7aa8
Event: 2.059 Thread 0x00007f7b6c009800 DEOPT PACKING pc=0x00007f7b5d1e7aa8 sp=0x00007f7b754d21f0
Event: 2.059 Thread 0x00007f7b6c009800 DEOPT UNPACKING pc=0x00007f7b5d005229 sp=0x00007f7b754d21d0 mode 2
Event: 2.059 Thread 0x00007f7b6c009800 Uncommon trap: trap_request=0xffffffde fr.pc=0x00007f7b5d1e7aa8
Event: 2.059 Thread 0x00007f7b6c009800 DEOPT PACKING pc=0x00007f7b5d1e7aa8 sp=0x00007f7b754d1e70
Event: 2.059 Thread 0x00007f7b6c009800 DEOPT UNPACKING pc=0x00007f7b5d005229 sp=0x00007f7b754d1e50 mode 2
Event: 2.068 Thread 0x00007f7b6c009800 Uncommon trap: trap_request=0xffffffde fr.pc=0x00007f7b5d1e7aa8
Event: 2.068 Thread 0x00007f7b6c009800 DEOPT PACKING pc=0x00007f7b5d1e7aa8 sp=0x00007f7b754d21f0
Event: 2.068 Thread 0x00007f7b6c009800 DEOPT UNPACKING pc=0x00007f7b5d005229 sp=0x00007f7b754d21d0 mode 2


Dynamic libraries:
00400000-00401000 r-xp 00000000 08:06 2119792                            /usr/lib/jvm/java-8-oracle/jre/bin/java
00600000-00601000 rw-p 00000000 08:06 2119792                            /usr/lib/jvm/java-8-oracle/jre/bin/java
018fa000-0191b000 rw-p 00000000 00:00 0                                  [heap]
c3800000-cc580000 rw-p 00000000 00:00 0 
cc580000-ebd80000 ---p 00000000 00:00 0 
ebd80000-f6000000 rw-p 00000000 00:00 0 
f6000000-100000000 ---p 00000000 00:00 0 
100000000-1000e0000 rw-p 00000000 00:00 0 
1000e0000-140000000 ---p 00000000 00:00 0 
7f7b20000000-7f7b20021000 rw-p 00000000 00:00 0 
7f7b20021000-7f7b24000000 ---p 00000000 00:00 0 
7f7b27608000-7f7b27cfd000 r--s 00000000 08:06 1982870                    /usr/local/WordNet-3.0/dict/index.sense
7f7b27cfd000-7f7b28000000 r--s 00000000 08:06 1982862                    /usr/local/WordNet-3.0/dict/data.adj
7f7b28000000-7f7b28400000 rw-p 00000000 00:00 0 
7f7b28400000-7f7b2c000000 ---p 00000000 00:00 0 
7f7b2c000000-7f7b2c021000 rw-p 00000000 00:00 0 
7f7b2c021000-7f7b30000000 ---p 00000000 00:00 0 
7f7b30000000-7f7b30689000 rw-p 00000000 00:00 0 
7f7b30689000-7f7b34000000 ---p 00000000 00:00 0 
7f7b34000000-7f7b34524000 rw-p 00000000 00:00 0 
7f7b34524000-7f7b38000000 ---p 00000000 00:00 0 
7f7b38000000-7f7b38021000 rw-p 00000000 00:00 0 
7f7b38021000-7f7b3c000000 ---p 00000000 00:00 0 
7f7b3c000000-7f7b3c021000 rw-p 00000000 00:00 0 
7f7b3c021000-7f7b40000000 ---p 00000000 00:00 0 
7f7b40000000-7f7b40021000 rw-p 00000000 00:00 0 
7f7b40021000-7f7b44000000 ---p 00000000 00:00 0 
7f7b44000000-7f7b44021000 rw-p 00000000 00:00 0 
7f7b44021000-7f7b48000000 ---p 00000000 00:00 0 
7f7b48000000-7f7b48024000 rw-p 00000000 00:00 0 
7f7b48024000-7f7b4c000000 ---p 00000000 00:00 0 
7f7b4c000000-7f7b4c021000 rw-p 00000000 00:00 0 
7f7b4c021000-7f7b50000000 ---p 00000000 00:00 0 
7f7b50000000-7f7b50021000 rw-p 00000000 00:00 0 
7f7b50021000-7f7b54000000 ---p 00000000 00:00 0 
7f7b5407d000-7f7b540fc000 r--s 00000000 08:06 1982863                    /usr/local/WordNet-3.0/dict/data.adv
7f7b540fc000-7f7b543a1000 r--s 00000000 08:06 1982865                    /usr/local/WordNet-3.0/dict/data.verb
7f7b543a1000-7f7b55239000 r--s 00000000 08:06 1982864                    /usr/local/WordNet-3.0/dict/data.noun
7f7b55239000-7f7b55303000 r--s 00000000 08:06 1982867                    /usr/local/WordNet-3.0/dict/index.adj
7f7b55303000-7f7b55794000 r--s 00000000 08:06 1982869                    /usr/local/WordNet-3.0/dict/index.noun
7f7b55794000-7f7b557a5000 r-xp 00000000 08:06 2119708                    /usr/lib/jvm/java-8-oracle/jre/lib/amd64/libnio.so
7f7b557a5000-7f7b559a4000 ---p 00011000 08:06 2119708                    /usr/lib/jvm/java-8-oracle/jre/lib/amd64/libnio.so
7f7b559a4000-7f7b559a5000 rw-p 00010000 08:06 2119708                    /usr/lib/jvm/java-8-oracle/jre/lib/amd64/libnio.so
7f7b559a5000-7f7b55ca6000 rw-p 00000000 00:00 0 
7f7b55ca6000-7f7b55cbc000 r-xp 00000000 08:06 2119681                    /usr/lib/jvm/java-8-oracle/jre/lib/amd64/libnet.so
7f7b55cbc000-7f7b55ebc000 ---p 00016000 08:06 2119681                    /usr/lib/jvm/java-8-oracle/jre/lib/amd64/libnet.so
7f7b55ebc000-7f7b55ebd000 rw-p 00016000 08:06 2119681                    /usr/lib/jvm/java-8-oracle/jre/lib/amd64/libnet.so
7f7b55ebd000-7f7b55ebe000 ---p 00000000 00:00 0 
7f7b55ebe000-7f7b55fbe000 rw-p 00000000 00:00 0                          [stack:4746]
7f7b55fbe000-7f7b55fc1000 ---p 00000000 00:00 0 
7f7b55fc1000-7f7b560bf000 rw-p 00000000 00:00 0                          [stack:4745]
7f7b560bf000-7f7b560c2000 ---p 00000000 00:00 0 
7f7b560c2000-7f7b58000000 rw-p 00000000 00:00 0                          [stack:4744]
7f7b58000000-7f7b58021000 rw-p 00000000 00:00 0 
7f7b58021000-7f7b5c000000 ---p 00000000 00:00 0 
7f7b5c02e000-7f7b5c056000 r--s 00000000 08:06 1982868                    /usr/local/WordNet-3.0/dict/index.adv
7f7b5c056000-7f7b5c0d6000 r--s 00000000 08:06 1982871                    /usr/local/WordNet-3.0/dict/index.verb
7f7b5c0d6000-7f7b5c0d9000 ---p 00000000 00:00 0 
7f7b5c0d9000-7f7b5c1d7000 rw-p 00000000 00:00 0                          [stack:4743]
7f7b5c1d7000-7f7b5c1da000 ---p 00000000 00:00 0 
7f7b5c1da000-7f7b5c2d8000 rw-p 00000000 00:00 0                          [stack:4742]
7f7b5c2d8000-7f7b5c2db000 ---p 00000000 00:00 0 
7f7b5c2db000-7f7b5c3d9000 rw-p 00000000 00:00 0                          [stack:4741]
7f7b5c3d9000-7f7b5cafb000 r--p 00000000 08:06 1712101                    /usr/lib/locale/locale-archive
7f7b5cafb000-7f7b5cafe000 ---p 00000000 00:00 0 
7f7b5cafe000-7f7b5cbfc000 rw-p 00000000 00:00 0                          [stack:4740]
7f7b5cbfc000-7f7b5cbff000 ---p 00000000 00:00 0 
7f7b5cbff000-7f7b5ccfd000 rw-p 00000000 00:00 0                          [stack:4739]
7f7b5ccfd000-7f7b5ccfe000 ---p 00000000 00:00 0 
7f7b5ccfe000-7f7b5d000000 rw-p 00000000 00:00 0                          [stack:4738]
7f7b5d000000-7f7b5d330000 rwxp 00000000 00:00 0 
7f7b5d330000-7f7b6c000000 ---p 00000000 00:00 0 
7f7b6c000000-7f7b6c42c000 rw-p 00000000 00:00 0 
7f7b6c42c000-7f7b70000000 ---p 00000000 00:00 0 
7f7b7000b000-7f7b70011000 r--s 00000000 08:06 1982858                    /usr/local/WordNet-3.0/dict/adj.exc
7f7b70011000-7f7b7001b000 r--s 00000000 08:06 1982877                    /usr/local/WordNet-3.0/dict/verb.exc
7f7b7001b000-7f7b70025000 r--s 00000000 08:06 1982873                    /usr/local/WordNet-3.0/dict/noun.exc
7f7b70025000-7f7b70056000 r--s 003bf000 08:06 3539079                    /home/hammad/CausalRelExtractor/SProj/lib/stanford-parser.jar
7f7b70056000-7f7b70081000 r--s 00317000 08:06 3539080                    /home/hammad/CausalRelExtractor/SProj/lib/stanford-postagger.jar
7f7b70081000-7f7b70e33000 rw-p 00000000 00:00 0 
7f7b70e33000-7f7b7100b000 r--s 03d1d000 08:06 2119726                    /usr/lib/jvm/java-8-oracle/jre/lib/rt.jar
7f7b7100b000-7f7b716c1000 rw-p 00000000 00:00 0 
7f7b716c1000-7f7b71881000 ---p 00000000 00:00 0 
7f7b71881000-7f7b71a65000 rw-p 00000000 00:00 0 
7f7b71a65000-7f7b71a66000 ---p 00000000 00:00 0 
7f7b71a66000-7f7b71b66000 rw-p 00000000 00:00 0                          [stack:4737]
7f7b71b66000-7f7b71b67000 ---p 00000000 00:00 0 
7f7b71b67000-7f7b71c67000 rw-p 00000000 00:00 0                          [stack:4736]
7f7b71c67000-7f7b71c68000 ---p 00000000 00:00 0 
7f7b71c68000-7f7b71d68000 rw-p 00000000 00:00 0                          [stack:4735]
7f7b71d68000-7f7b71d69000 ---p 00000000 00:00 0 
7f7b71d69000-7f7b71eb0000 rw-p 00000000 00:00 0                          [stack:4734]
7f7b71eb0000-7f7b71fac000 ---p 00000000 00:00 0 
7f7b71fac000-7f7b71ff3000 rw-p 00000000 00:00 0 
7f7b71ff3000-7f7b720ee000 ---p 00000000 00:00 0 
7f7b720ee000-7f7b72140000 rw-p 00000000 00:00 0 
7f7b72140000-7f7b72190000 ---p 00000000 00:00 0 
7f7b72190000-7f7b7219e000 rw-p 00000000 00:00 0 
7f7b7219e000-7f7b72551000 ---p 00000000 00:00 0 
7f7b72551000-7f7b7256b000 r-xp 00000000 08:06 2119676                    /usr/lib/jvm/java-8-oracle/jre/lib/amd64/libzip.so
7f7b7256b000-7f7b7276b000 ---p 0001a000 08:06 2119676                    /usr/lib/jvm/java-8-oracle/jre/lib/amd64/libzip.so
7f7b7276b000-7f7b7276c000 rw-p 0001a000 08:06 2119676                    /usr/lib/jvm/java-8-oracle/jre/lib/amd64/libzip.so
7f7b7276c000-7f7b72778000 r-xp 00000000 08:06 2494968                    /lib/x86_64-linux-gnu/libnss_files-2.21.so
7f7b72778000-7f7b72977000 ---p 0000c000 08:06 2494968                    /lib/x86_64-linux-gnu/libnss_files-2.21.so
7f7b72977000-7f7b72978000 r--p 0000b000 08:06 2494968                    /lib/x86_64-linux-gnu/libnss_files-2.21.so
7f7b72978000-7f7b72979000 rw-p 0000c000 08:06 2494968                    /lib/x86_64-linux-gnu/libnss_files-2.21.so
7f7b72979000-7f7b72984000 r-xp 00000000 08:06 2494978                    /lib/x86_64-linux-gnu/libnss_nis-2.21.so
7f7b72984000-7f7b72b83000 ---p 0000b000 08:06 2494978                    /lib/x86_64-linux-gnu/libnss_nis-2.21.so
7f7b72b83000-7f7b72b84000 r--p 0000a000 08:06 2494978                    /lib/x86_64-linux-gnu/libnss_nis-2.21.so
7f7b72b84000-7f7b72b85000 rw-p 0000b000 08:06 2494978                    /lib/x86_64-linux-gnu/libnss_nis-2.21.so
7f7b72b85000-7f7b72b9c000 r-xp 00000000 08:06 2494962                    /lib/x86_64-linux-gnu/libnsl-2.21.so
7f7b72b9c000-7f7b72d9b000 ---p 00017000 08:06 2494962                    /lib/x86_64-linux-gnu/libnsl-2.21.so
7f7b72d9b000-7f7b72d9c000 r--p 00016000 08:06 2494962                    /lib/x86_64-linux-gnu/libnsl-2.21.so
7f7b72d9c000-7f7b72d9d000 rw-p 00017000 08:06 2494962                    /lib/x86_64-linux-gnu/libnsl-2.21.so
7f7b72d9d000-7f7b72d9f000 rw-p 00000000 00:00 0 
7f7b72d9f000-7f7b72da7000 r-xp 00000000 08:06 2494964                    /lib/x86_64-linux-gnu/libnss_compat-2.21.so
7f7b72da7000-7f7b72fa6000 ---p 00008000 08:06 2494964                    /lib/x86_64-linux-gnu/libnss_compat-2.21.so
7f7b72fa6000-7f7b72fa7000 r--p 00007000 08:06 2494964                    /lib/x86_64-linux-gnu/libnss_compat-2.21.so
7f7b72fa7000-7f7b72fa8000 rw-p 00008000 08:06 2494964                    /lib/x86_64-linux-gnu/libnss_compat-2.21.so
7f7b72fa8000-7f7b72fd2000 r-xp 00000000 08:06 2119654                    /usr/lib/jvm/java-8-oracle/jre/lib/amd64/libjava.so
7f7b72fd2000-7f7b731d2000 ---p 0002a000 08:06 2119654                    /usr/lib/jvm/java-8-oracle/jre/lib/amd64/libjava.so
7f7b731d2000-7f7b731d4000 rw-p 0002a000 08:06 2119654                    /usr/lib/jvm/java-8-oracle/jre/lib/amd64/libjava.so
7f7b731d4000-7f7b731e1000 r-xp 00000000 08:06 2119670                    /usr/lib/jvm/java-8-oracle/jre/lib/amd64/libverify.so
7f7b731e1000-7f7b733e1000 ---p 0000d000 08:06 2119670                    /usr/lib/jvm/java-8-oracle/jre/lib/amd64/libverify.so
7f7b733e1000-7f7b733e3000 rw-p 0000d000 08:06 2119670                    /usr/lib/jvm/java-8-oracle/jre/lib/amd64/libverify.so
7f7b733e3000-7f7b733ea000 r-xp 00000000 08:06 2495023                    /lib/x86_64-linux-gnu/librt-2.21.so
7f7b733ea000-7f7b735e9000 ---p 00007000 08:06 2495023                    /lib/x86_64-linux-gnu/librt-2.21.so
7f7b735e9000-7f7b735ea000 r--p 00006000 08:06 2495023                    /lib/x86_64-linux-gnu/librt-2.21.so
7f7b735ea000-7f7b735eb000 rw-p 00007000 08:06 2495023                    /lib/x86_64-linux-gnu/librt-2.21.so
7f7b735eb000-7f7b736f2000 r-xp 00000000 08:06 2494941                    /lib/x86_64-linux-gnu/libm-2.21.so
7f7b736f2000-7f7b738f1000 ---p 00107000 08:06 2494941                    /lib/x86_64-linux-gnu/libm-2.21.so
7f7b738f1000-7f7b738f2000 r--p 00106000 08:06 2494941                    /lib/x86_64-linux-gnu/libm-2.21.so
7f7b738f2000-7f7b738f3000 rw-p 00107000 08:06 2494941                    /lib/x86_64-linux-gnu/libm-2.21.so
7f7b738f3000-7f7b745b2000 r-xp 00000000 08:06 2119692                    /usr/lib/jvm/java-8-oracle/jre/lib/amd64/server/libjvm.so
7f7b745b2000-7f7b747b1000 ---p 00cbf000 08:06 2119692                    /usr/lib/jvm/java-8-oracle/jre/lib/amd64/server/libjvm.so
7f7b747b1000-7f7b7488a000 rw-p 00cbe000 08:06 2119692                    /usr/lib/jvm/java-8-oracle/jre/lib/amd64/server/libjvm.so
7f7b7488a000-7f7b748d3000 rw-p 00000000 00:00 0 
7f7b748d3000-7f7b74a93000 r-xp 00000000 08:06 2494882                    /lib/x86_64-linux-gnu/libc-2.21.so
7f7b74a93000-7f7b74c93000 ---p 001c0000 08:06 2494882                    /lib/x86_64-linux-gnu/libc-2.21.so
7f7b74c93000-7f7b74c97000 r--p 001c0000 08:06 2494882                    /lib/x86_64-linux-gnu/libc-2.21.so
7f7b74c97000-7f7b74c99000 rw-p 001c4000 08:06 2494882                    /lib/x86_64-linux-gnu/libc-2.21.so
7f7b74c99000-7f7b74c9d000 rw-p 00000000 00:00 0 
7f7b74c9d000-7f7b74ca0000 r-xp 00000000 08:06 2494899                    /lib/x86_64-linux-gnu/libdl-2.21.so
7f7b74ca0000-7f7b74e9f000 ---p 00003000 08:06 2494899                    /lib/x86_64-linux-gnu/libdl-2.21.so
7f7b74e9f000-7f7b74ea0000 r--p 00002000 08:06 2494899                    /lib/x86_64-linux-gnu/libdl-2.21.so
7f7b74ea0000-7f7b74ea1000 rw-p 00003000 08:06 2494899                    /lib/x86_64-linux-gnu/libdl-2.21.so
7f7b74ea1000-7f7b74eb6000 r-xp 00000000 08:06 2119664                    /usr/lib/jvm/java-8-oracle/jre/lib/amd64/jli/libjli.so
7f7b74eb6000-7f7b750b6000 ---p 00015000 08:06 2119664                    /usr/lib/jvm/java-8-oracle/jre/lib/amd64/jli/libjli.so
7f7b750b6000-7f7b750b7000 rw-p 00015000 08:06 2119664                    /usr/lib/jvm/java-8-oracle/jre/lib/amd64/jli/libjli.so
7f7b750b7000-7f7b750cf000 r-xp 00000000 08:06 2495015                    /lib/x86_64-linux-gnu/libpthread-2.21.so
7f7b750cf000-7f7b752cf000 ---p 00018000 08:06 2495015                    /lib/x86_64-linux-gnu/libpthread-2.21.so
7f7b752cf000-7f7b752d0000 r--p 00018000 08:06 2495015                    /lib/x86_64-linux-gnu/libpthread-2.21.so
7f7b752d0000-7f7b752d1000 rw-p 00019000 08:06 2495015                    /lib/x86_64-linux-gnu/libpthread-2.21.so
7f7b752d1000-7f7b752d5000 rw-p 00000000 00:00 0 
7f7b752d5000-7f7b752f9000 r-xp 00000000 08:06 2494854                    /lib/x86_64-linux-gnu/ld-2.21.so
7f7b752fa000-7f7b752fc000 rw-p 00000000 00:00 0 
7f7b752fc000-7f7b752ff000 r--s 00024000 08:06 3539077                    /home/hammad/CausalRelExtractor/SProj/lib/edu.mit.jwi_2.4.0.jar
7f7b752ff000-7f7b75301000 r--s 00005000 08:06 3539078                    /home/hammad/CausalRelExtractor/SProj/lib/slf4j-api.jar
7f7b75301000-7f7b753d3000 rw-p 00000000 00:00 0 
7f7b753d3000-7f7b753d6000 ---p 00000000 00:00 0 
7f7b753d6000-7f7b754d8000 rw-p 00000000 00:00 0                          [stack:4733]
7f7b754d8000-7f7b754d9000 r--s 00000000 08:06 1982859                    /usr/local/WordNet-3.0/dict/adv.exc
7f7b754d9000-7f7b754ec000 rw-p 00000000 00:00 0 
7f7b754ec000-7f7b754f4000 rw-s 00000000 08:06 1442733                    /tmp/hsperfdata_hammad/4732
7f7b754f4000-7f7b754f5000 rw-p 00000000 00:00 0 
7f7b754f5000-7f7b754f6000 ---p 00000000 00:00 0 
7f7b754f6000-7f7b754f8000 rw-p 00000000 00:00 0 
7f7b754f8000-7f7b754f9000 r--p 00023000 08:06 2494854                    /lib/x86_64-linux-gnu/ld-2.21.so
7f7b754f9000-7f7b754fa000 rw-p 00024000 08:06 2494854                    /lib/x86_64-linux-gnu/ld-2.21.so
7f7b754fa000-7f7b754fb000 rw-p 00000000 00:00 0 
7ffc6626e000-7ffc6628f000 rw-p 00000000 00:00 0                          [stack]
7ffc66309000-7ffc6630b000 r--p 00000000 00:00 0                          [vvar]
7ffc6630b000-7ffc6630d000 r-xp 00000000 00:00 0                          [vdso]
ffffffffff600000-ffffffffff601000 r-xp 00000000 00:00 0                  [vsyscall]

VM Arguments:
java_command: DependencyParserDemo
java_class_path (initial): .:./lib/slf4j-api.jar:./lib/stanford-postagger.jar:./lib/stanford-parser.jar:./lib/edu.mit.jwi_2.4.0.jar
Launcher Type: SUN_STANDARD

Environment Variables:
PATH=/usr/local/sbin:/usr/local/bin:/usr/sbin:/usr/bin:/sbin:/bin:/usr/games:/usr/local/games
SHELL=/bin/bash
DISPLAY=:0

Signal Handlers:
SIGSEGV: [libjvm.so+0xabb070], sa_mask[0]=11111111011111111101111111111110, sa_flags=SA_RESTART|SA_SIGINFO
SIGBUS: [libjvm.so+0xabb070], sa_mask[0]=11111111011111111101111111111110, sa_flags=SA_RESTART|SA_SIGINFO
SIGFPE: [libjvm.so+0x918480], sa_mask[0]=11111111011111111101111111111110, sa_flags=SA_RESTART|SA_SIGINFO
SIGPIPE: [libjvm.so+0x918480], sa_mask[0]=11111111011111111101111111111110, sa_flags=SA_RESTART|SA_SIGINFO
SIGXFSZ: [libjvm.so+0x918480], sa_mask[0]=11111111011111111101111111111110, sa_flags=SA_RESTART|SA_SIGINFO
SIGILL: [libjvm.so+0x918480], sa_mask[0]=11111111011111111101111111111110, sa_flags=SA_RESTART|SA_SIGINFO
SIGUSR1: SIG_DFL, sa_mask[0]=00000000000000000000000000000000, sa_flags=none
SIGUSR2: [libjvm.so+0x919ab0], sa_mask[0]=00000000000000000000000000000000, sa_flags=SA_RESTART|SA_SIGINFO
SIGHUP: [libjvm.so+0x91aeb0], sa_mask[0]=11111111011111111101111111111110, sa_flags=SA_RESTART|SA_SIGINFO
SIGINT: [libjvm.so+0x91aeb0], sa_mask[0]=11111111011111111101111111111110, sa_flags=SA_RESTART|SA_SIGINFO
SIGTERM: [libjvm.so+0x91aeb0], sa_mask[0]=11111111011111111101111111111110, sa_flags=SA_RESTART|SA_SIGINFO
SIGQUIT: [libjvm.so+0x91aeb0], sa_mask[0]=11111111011111111101111111111110, sa_flags=SA_RESTART|SA_SIGINFO


---------------  S Y S T E M  ---------------

OS:DISTRIB_ID=Ubuntu
DISTRIB_RELEASE=15.10
DISTRIB_CODENAME=wily
DISTRIB_DESCRIPTION="Ubuntu 15.10"

uname:Linux 4.2.0-27-generic #32-Ubuntu SMP Fri Jan 22 04:49:08 UTC 2016 x86_64
libc:glibc 2.21 NPTL 2.21 
rlimit: STACK 8192k, CORE 0k, NPROC 15160, NOFILE 65536, AS infinity
load average:0.64 0.68 0.65

/proc/meminfo:
MemTotal:        3959988 kB
MemFree:          411080 kB
MemAvailable:    1740812 kB
Buffers:           96416 kB
Cached:          1289724 kB
SwapCached:           12 kB
Active:          1816236 kB
Inactive:        1480324 kB
Active(anon):    1454028 kB
Inactive(anon):   538580 kB
Active(file):     362208 kB
Inactive(file):   941744 kB
Unevictable:          32 kB
Mlocked:              32 kB
SwapTotal:       4108284 kB
SwapFree:        4108216 kB
Dirty:               264 kB
Writeback:             0 kB
AnonPages:       1910388 kB
Mapped:           506744 kB
Shmem:             82192 kB
Slab:              90916 kB
SReclaimable:      55180 kB
SUnreclaim:        35736 kB
KernelStack:        9024 kB
PageTables:        33124 kB
NFS_Unstable:          0 kB
Bounce:                0 kB
WritebackTmp:          0 kB
CommitLimit:     6088276 kB
Committed_AS:    6258452 kB
VmallocTotal:   34359738367 kB
VmallocUsed:      591820 kB
VmallocChunk:   34358423548 kB
HardwareCorrupted:     0 kB
AnonHugePages:    696320 kB
CmaTotal:              0 kB
CmaFree:               0 kB
HugePages_Total:       0
HugePages_Free:        0
HugePages_Rsvd:        0
HugePages_Surp:        0
Hugepagesize:       2048 kB
DirectMap4k:      235392 kB
DirectMap2M:     3872768 kB
DirectMap1G:     1048576 kB


CPU:total 4 (2 cores per cpu, 2 threads per core) family 6 model 61 stepping 4, cmov, cx8, fxsr, mmx, sse, sse2, sse3, ssse3, sse4.1, sse4.2, popcnt, avx, avx2, aes, clmul, erms, 3dnowpref, lzcnt, ht, tsc, tscinvbit, bmi1, bmi2, adx

/proc/cpuinfo:
processor	: 0
vendor_id	: GenuineIntel
cpu family	: 6
model		: 61
model name	: Intel(R) Core(TM) i5-5200U CPU @ 2.20GHz
stepping	: 4
microcode	: 0x18
cpu MHz		: 2499.921
cache size	: 3072 KB
physical id	: 0
siblings	: 4
core id		: 0
cpu cores	: 2
apicid		: 0
initial apicid	: 0
fpu		: yes
fpu_exception	: yes
cpuid level	: 20
wp		: yes
flags		: fpu vme de pse tsc msr pae mce cx8 apic sep mtrr pge mca cmov pat pse36 clflush dts acpi mmx fxsr sse sse2 ss ht tm pbe syscall nx pdpe1gb rdtscp lm constant_tsc arch_perfmon pebs bts rep_good nopl xtopology nonstop_tsc aperfmperf eagerfpu pni pclmulqdq dtes64 monitor ds_cpl vmx est tm2 ssse3 fma cx16 xtpr pdcm pcid sse4_1 sse4_2 x2apic movbe popcnt tsc_deadline_timer aes xsave avx f16c rdrand lahf_lm abm 3dnowprefetch ida arat epb pln pts dtherm intel_pt tpr_shadow vnmi flexpriority ept vpid fsgsbase tsc_adjust bmi1 avx2 smep bmi2 erms invpcid rdseed adx smap xsaveopt
bugs		:
bogomips	: 4389.73
clflush size	: 64
cache_alignment	: 64
address sizes	: 39 bits physical, 48 bits virtual
power management:

processor	: 1
vendor_id	: GenuineIntel
cpu family	: 6
model		: 61
model name	: Intel(R) Core(TM) i5-5200U CPU @ 2.20GHz
stepping	: 4
microcode	: 0x18
cpu MHz		: 2499.921
cache size	: 3072 KB
physical id	: 0
siblings	: 4
core id		: 1
cpu cores	: 2
apicid		: 2
initial apicid	: 2
fpu		: yes
fpu_exception	: yes
cpuid level	: 20
wp		: yes
flags		: fpu vme de pse tsc msr pae mce cx8 apic sep mtrr pge mca cmov pat pse36 clflush dts acpi mmx fxsr sse sse2 ss ht tm pbe syscall nx pdpe1gb rdtscp lm constant_tsc arch_perfmon pebs bts rep_good nopl xtopology nonstop_tsc aperfmperf eagerfpu pni pclmulqdq dtes64 monitor ds_cpl vmx est tm2 ssse3 fma cx16 xtpr pdcm pcid sse4_1 sse4_2 x2apic movbe popcnt tsc_deadline_timer aes xsave avx f16c rdrand lahf_lm abm 3dnowprefetch ida arat epb pln pts dtherm intel_pt tpr_shadow vnmi flexpriority ept vpid fsgsbase tsc_adjust bmi1 avx2 smep bmi2 erms invpcid rdseed adx smap xsaveopt
bugs		:
bogomips	: 4389.73
clflush size	: 64
cache_alignment	: 64
address sizes	: 39 bits physical, 48 bits virtual
power management:

processor	: 2
vendor_id	: GenuineIntel
cpu family	: 6
model		: 61
model name	: Intel(R) Core(TM) i5-5200U CPU @ 2.20GHz
stepping	: 4
microcode	: 0x18
cpu MHz		: 2499.921
cache size	: 3072 KB
physical id	: 0
siblings	: 4
core id		: 0
cpu cores	: 2
apicid		: 1
initial apicid	: 1
fpu		: yes
fpu_exception	: yes
cpuid level	: 20
wp		: yes
flags		: fpu vme de pse tsc msr pae mce cx8 apic sep mtrr pge mca cmov pat pse36 clflush dts acpi mmx fxsr sse sse2 ss ht tm pbe syscall nx pdpe1gb rdtscp lm constant_tsc arch_perfmon pebs bts rep_good nopl xtopology nonstop_tsc aperfmperf eagerfpu pni pclmulqdq dtes64 monitor ds_cpl vmx est tm2 ssse3 fma cx16 xtpr pdcm pcid sse4_1 sse4_2 x2apic movbe popcnt tsc_deadline_timer aes xsave avx f16c rdrand lahf_lm abm 3dnowprefetch ida arat epb pln pts dtherm intel_pt tpr_shadow vnmi flexpriority ept vpid fsgsbase tsc_adjust bmi1 avx2 smep bmi2 erms invpcid rdseed adx smap xsaveopt
bugs		:
bogomips	: 4389.73
clflush size	: 64
cache_alignment	: 64
address sizes	: 39 bits physical, 48 bits virtual
power management:

processor	: 3
vendor_id	: GenuineIntel
cpu family	: 6
model		: 61
model name	: Intel(R) Core(TM) i5-5200U CPU @ 2.20GHz
stepping	: 4
microcode	: 0x18
cpu MHz		: 2499.921
cache size	: 3072 KB
physical id	: 0
siblings	: 4
core id		: 1
cpu cores	: 2
apicid		: 3
initial apicid	: 3
fpu		: yes
fpu_exception	: yes
cpuid level	: 20
wp		: yes
flags		: fpu vme de pse tsc msr pae mce cx8 apic sep mtrr pge mca cmov pat pse36 clflush dts acpi mmx fxsr sse sse2 ss ht tm pbe syscall nx pdpe1gb rdtscp lm constant_tsc arch_perfmon pebs bts rep_good nopl xtopology nonstop_tsc aperfmperf eagerfpu pni pclmulqdq dtes64 monitor ds_cpl vmx est tm2 ssse3 fma cx16 xtpr pdcm pcid sse4_1 sse4_2 x2apic movbe popcnt tsc_deadline_timer aes xsave avx f16c rdrand lahf_lm abm 3dnowprefetch ida arat epb pln pts dtherm intel_pt tpr_shadow vnmi flexpriority ept vpid fsgsbase tsc_adjust bmi1 avx2 smep bmi2 erms invpcid rdseed adx smap xsaveopt
bugs		:
bogomips	: 4389.73
clflush size	: 64
cache_alignment	: 64
address sizes	: 39 bits physical, 48 bits virtual
power management:



Memory: 4k page, physical 3959988k(410648k free), swap 4108284k(4108216k free)

vm_info: Java HotSpot(TM) 64-Bit Server VM (25.72-b15) for linux-amd64 JRE (1.8.0_72-b15), built on Dec 22 2015 22:00:07 by "java_re" with gcc 4.3.0 20080428 (Red Hat 4.3.0-8)

time: Wed Feb 17 23:05:32 2016
elapsed time: 2 seconds (0d 0h 0m 2s)

